[01Dec2024 00:00:45.879] [Server thread/INFO] [net.minecraft.server.dedicated.DedicatedServer/]: JUSMCAS has made the advancement [Rigged from the Start]
[01Dec2024 00:01:00.508] [Server thread/WARN] [net.minecraft.world.level.entity.PersistentEntitySectionManager/]: UUID of added entity already exists: Drowned['Drowned'/106956, l='ServerLevel[world]', x=984.50, y=39.00, z=2547.50]
[01Dec2024 00:01:02.170] [Server thread/INFO] [net.minecraft.server.dedicated.DedicatedServer/]: Kuhd has made the advancement [We Just Want our Hat Back]
[01Dec2024 00:01:11.974] [Server thread/ERROR] [net.minecraft.Util/]: Invalid entity rotation: NaN, discarding.
[01Dec2024 00:01:13.366] [Server thread/ERROR] [net.minecraft.Util/]: Invalid entity rotation: NaN, discarding.
[01Dec2024 00:01:14.066] [Server thread/ERROR] [net.minecraft.Util/]: Invalid entity rotation: NaN, discarding.
[01Dec2024 00:01:21.159] [Server thread/WARN] [net.minecraft.world.level.entity.PersistentEntitySectionManager/]: UUID of added entity already exists: Drowned['Drowned'/107333, l='ServerLevel[world]', x=984.50, y=41.00, z=2545.50]
[01Dec2024 00:01:23.016] [Worker-Main-8/WARN] [net.minecraft.server.level.WorldGenRegion/]: Tried to access a block entity before it was created. BlockPos{x=-798, y=1, z=16866}
[01Dec2024 00:01:23.291] [Worker-Main-8/WARN] [net.minecraft.server.level.WorldGenRegion/]: Tried to access a block entity before it was created. BlockPos{x=-796, y=1, z=16886}
[01Dec2024 00:01:23.295] [Worker-Main-8/WARN] [net.minecraft.server.level.WorldGenRegion/]: Tried to access a block entity before it was created. BlockPos{x=-796, y=2, z=16887}
[01Dec2024 00:01:40.398] [Server thread/WARN] [net.minecraft.world.level.chunk.LevelChunk/]: Tried to load a DUMMY block entity @ BlockPos{x=-505, y=77, z=16967} but found not block entity block Block{minecraft:air} at location
[01Dec2024 00:01:40.398] [Server thread/WARN] [net.minecraft.world.level.chunk.LevelChunk/]: Tried to load a block entity for block Block{minecraft:air} but failed at location BlockPos{x=-505, y=77, z=16967}
[01Dec2024 00:01:51.360] [Server thread/WARN] [net.minecraft.world.level.entity.PersistentEntitySectionManager/]: UUID of added entity already exists: Drowned['Drowned'/107845, l='ServerLevel[world]', x=983.50, y=37.00, z=2546.50]
[01Dec2024 00:02:03.161] [Server thread/INFO] [net.minecraft.server.dedicated.DedicatedServer/]: Kuhd has made the advancement [A Bone to Pick]
[01Dec2024 00:02:09.645] [Worker-Main-8/WARN] [net.minecraft.server.level.WorldGenRegion/]: Tried to access a block entity before it was created. BlockPos{x=-381, y=-5, z=16860}
[01Dec2024 00:03:45.204] [Server thread/INFO] [net.minecraft.server.dedicated.DedicatedServer/]: Kuhd has completed the challenge [Hero of the Village]
[01Dec2024 00:04:16.003] [Server thread/WARN] [net.minecraft.world.level.chunk.LevelChunk/]: Tried to load a DUMMY block entity @ BlockPos{x=-569, y=108, z=17383} but found not block entity block Block{minecraft:air} at location
[01Dec2024 00:04:16.004] [Server thread/WARN] [net.minecraft.world.level.chunk.LevelChunk/]: Tried to load a block entity for block Block{minecraft:air} but failed at location BlockPos{x=-569, y=108, z=17383}
[01Dec2024 00:04:57.212] [Server thread/INFO] [net.minecraft.server.dedicated.DedicatedServer/]: JUSMCAS has made the advancement [The Only Good Bug...]
[01Dec2024 00:06:24.612] [Worker-Main-21/WARN] [net.minecraft.server.level.WorldGenRegion/]: Tried to access a block entity before it was created. BlockPos{x=-354, y=-7, z=17668}
[01Dec2024 00:06:36.715] [Server thread/ERROR] [net.minecraft.Util/]: Invalid entity rotation: NaN, discarding.
[01Dec2024 00:07:07.098] [Server thread/WARN] [net.minecraft.world.level.chunk.LevelChunk/]: Tried to load a DUMMY block entity @ BlockPos{x=-489, y=87, z=17799} but found not block entity block Block{minecraft:air} at location
[01Dec2024 00:07:07.099] [Server thread/WARN] [net.minecraft.world.level.chunk.LevelChunk/]: Tried to load a block entity for block Block{minecraft:air} but failed at location BlockPos{x=-489, y=87, z=17799}
[01Dec2024 00:08:05.889] [Server thread/WARN] [net.minecraft.world.level.chunk.LevelChunk/]: Tried to load a DUMMY block entity @ BlockPos{x=-585, y=66, z=18007} but found not block entity block Block{minecraft:air} at location
[01Dec2024 00:08:05.890] [Server thread/WARN] [net.minecraft.world.level.chunk.LevelChunk/]: Tried to load a block entity for block Block{minecraft:air} but failed at location BlockPos{x=-585, y=66, z=18007}
[01Dec2024 00:10:54.750] [Server thread/WARN] [net.minecraft.server.network.ServerGamePacketListenerImpl/]: JUSMCAS moved too quickly! 1.8818401773434061,6.828444145967126,7.449683275510324
[01Dec2024 00:10:54.770] [Server thread/WARN] [net.minecraft.server.MinecraftServer/]: Can't keep up! Is the server overloaded? Running 12619ms or 252 ticks behind
[01Dec2024 00:10:54.869] [Server thread/WARN] [net.minecraft.world.level.chunk.LevelChunk/]: Tried to load a DUMMY block entity @ BlockPos{x=-553, y=118, z=18423} but found not block entity block Block{treasure2:wither_log}[axis=y] at location
[01Dec2024 00:10:54.869] [Server thread/WARN] [net.minecraft.world.level.chunk.LevelChunk/]: Tried to load a block entity for block Block{treasure2:wither_log}[axis=y] but failed at location BlockPos{x=-553, y=118, z=18423}
[01Dec2024 00:11:54.379] [Server thread/INFO] [net.minecraft.server.dedicated.DedicatedServer/]: Kuhd has made the advancement [What a Deal!]
[01Dec2024 00:13:18.387] [Server thread/WARN] [net.minecraft.server.MinecraftServer/]: Can't keep up! Is the server overloaded? Running 3035ms or 60 ticks behind
[01Dec2024 00:14:31.917] [Server thread/ERROR] [noobanidus.mods.lootr.api.LootrAPI/]: Unable to fill loot chest in minecraft:overworld at BlockPos{x=1156, y=120, z=2327} as the loot table 'ctov:chests/village/village_library' couldn't be resolved! Please search the loot table in `latest.log` to see if there are errors in loading.
[01Dec2024 00:14:40.274] [Server thread/ERROR] [noobanidus.mods.lootr.api.LootrAPI/]: Unable to fill loot chest in minecraft:overworld at BlockPos{x=1152, y=120, z=2327} as the loot table 'ctov:chests/village/village_library' couldn't be resolved! Please search the loot table in `latest.log` to see if there are errors in loading.
